time="2021-03-25 12:48:39" level=info msg="LogConf init successfully"
time="2021-03-25 12:48:39" level=info msg="Connect to database successful"
time="2021-03-25 12:48:39" level=info msg="Database init successfully"
time="2021-03-25 12:48:39" level=info msg=Starting...
time="2021-03-25 12:51:04" level=info msg="Handling Requset, CourseName: 英语新闻听力"
time="2021-03-25 12:51:04" level=error msg="While querying: Error 1064: You have an error in your SQL syntax; check the manual that corresponds to your MySQL server version for the right syntax to use near ''50', ''' at line 7"
time="2021-03-25 12:51:04" level=info msg=Handled clientIP="::1" latencyTime=14.0017ms reqMethod=GET reqUri="/course/SearchWithCourseName?course=%E8%8B%B1%E8%AF%AD%E6%96%B0%E9%97%BB%E5%90%AC%E5%8A%9B" statusCode=500
time="2021-03-25 12:51:57" level=info msg="LogConf init successfully"
time="2021-03-25 12:51:57" level=info msg="Connect to database successful"
time="2021-03-25 12:51:57" level=info msg="Database init successfully"
time="2021-03-25 12:51:57" level=info msg=Starting...
time="2021-03-25 12:51:59" level=info msg="Handling Requset, CourseName: 英语新闻听力"
time="2021-03-25 12:51:59" level=error msg="While querying: Error 1064: You have an error in your SQL syntax; check the manual that corresponds to your MySQL server version for the right syntax to use near ''50', ''' at line 7"
time="2021-03-25 12:51:59" level=info msg=Handled clientIP="::1" latencyTime=9.9997ms reqMethod=GET reqUri="/course/SearchWithCourseName?course=%E8%8B%B1%E8%AF%AD%E6%96%B0%E9%97%BB%E5%90%AC%E5%8A%9B" statusCode=500
time="2021-03-25 12:54:52" level=info msg="LogConf init successfully"
time="2021-03-25 12:54:52" level=info msg="Connect to database successful"
time="2021-03-25 12:54:52" level=info msg="Database init successfully"
time="2021-03-25 12:54:52" level=info msg=Starting...
time="2021-03-25 12:55:24" level=info msg="LogConf init successfully"
time="2021-03-25 12:55:24" level=info msg="Connect to database successful"
time="2021-03-25 12:55:24" level=info msg="Database init successfully"
time="2021-03-25 12:55:24" level=info msg=Starting...
time="2021-03-25 12:55:27" level=info msg="Handling Requset, CourseName: 英语新闻听力"
time="2021-03-25 12:55:27" level=error msg="While querying: Error 1064: You have an error in your SQL syntax; check the manual that corresponds to your MySQL server version for the right syntax to use near ''0', '50'' at line 7"
time="2021-03-25 12:55:27" level=info msg=Handled clientIP="::1" latencyTime=10.9972ms reqMethod=GET reqUri="/course/SearchWithCourseName?course=%E8%8B%B1%E8%AF%AD%E6%96%B0%E9%97%BB%E5%90%AC%E5%8A%9B" statusCode=500
time="2021-03-25 13:00:01" level=info msg="LogConf init successfully"
time="2021-03-25 13:00:01" level=info msg="Connect to database successful"
time="2021-03-25 13:00:01" level=info msg="Database init successfully"
time="2021-03-25 13:00:01" level=info msg=Starting...
time="2021-03-25 13:00:09" level=info msg="Handling Requset, CourseName: 英语新闻听力"
time="2021-03-25 13:00:09" level=info msg=Handled clientIP="::1" latencyTime=27.9989ms reqMethod=GET reqUri="/course/SearchWithCourseName?course=%E8%8B%B1%E8%AF%AD%E6%96%B0%E9%97%BB%E5%90%AC%E5%8A%9B" statusCode=200
time="2021-03-25 13:13:10" level=info msg="LogConf init successfully"
time="2021-03-25 13:13:10" level=info msg="Connect to database successful"
time="2021-03-25 13:13:10" level=info msg="Database init successfully"
time="2021-03-25 13:13:10" level=info msg=Starting...
time="2021-03-25 13:13:38" level=info msg="user 张三 log in successful"
time="2021-03-25 13:13:38" level=info msg=Handled clientIP="::1" latencyTime=89.9964ms reqMethod=POST reqUri=/login statusCode=200
time="2021-03-25 13:13:52" level=info msg="Handling Requset, Username: 张三"
time="2021-03-25 13:13:52" level=info msg=Handled clientIP="::1" latencyTime=2.9999ms reqMethod=GET reqUri="/star/GetUserStarredCourse?username=%E5%BC%A0%E4%B8%89" statusCode=200
time="2021-03-25 13:14:14" level=info msg=Handled clientIP="::1" latencyTime=1.9696ms reqMethod=GET reqUri="/tag/GetUserTaggedCourse?username=%E5%BC%A0%E4%B8%89" statusCode=200
time="2021-03-25 13:14:27" level=info msg=Handled clientIP="::1" latencyTime=1.9976ms reqMethod=GET reqUri="/comment/GetUserCommentedCourse?username=%E5%BC%A0%E4%B8%89" statusCode=200
time="2021-03-25 13:57:40" level=info msg="LogConf init successfully"
time="2021-03-25 13:57:40" level=info msg="Connect to database successful"
time="2021-03-25 13:57:40" level=info msg="Database init successfully"
time="2021-03-25 13:57:40" level=info msg=Starting...
time="2021-03-25 13:58:37" level=info msg="Handling Requset, CourseName: 英语新闻听力"
time="2021-03-25 13:58:37" level=info msg=Handled clientIP="::1" latencyTime=23.989ms reqMethod=GET reqUri="/course/SearchWithCourseName?course=%E8%8B%B1%E8%AF%AD%E6%96%B0%E9%97%BB%E5%90%AC%E5%8A%9B&position=0&offset=50&username=%E5%BC%A0%E4%B8%89" statusCode=200
